
-------------------------
Test: connect/test_assessments.py::TestAssessments::test_happiness_assessment (call)
Time: 2023-01-24 15:39:03.218341
Request method: GET
Request URL: https://qa06-connect.stage-twill.health/api/v1/users/dialog/ha/
Request data: None
Request json: None
Request headers: None
Request cookies: {'ses': '109afa202bce465e8ca0bbdfc436fdc2'}

Response code: 200
Response text: {"conversation_id":"90a1e3e1-ad0f-4966-ac9c-91f3ed18c853","turn_number":1,"dialog_mode":"scheduled_assessment","data":{"type":"single_obj","text":"In the past month, how often have you felt joyous, exuberant, inspired, or awestruck?","guidance":null,"button_text":null,"decline_button_text":null,"options":[{"id":"1","answer":"Never","description":null},{"id":"2","answer":"Once or twice a month","description":null},{"id":"3","answer":"About once per week","description":null},{"id":"4","answer":"More than once per week","description":null},{"id":"5","answer":"Almost every single day","description":null}],"min":null,"max":null,"delay":0,"hours_min":null,"hours_max":null,"minutes_interval":null,"default_time":null,"date_min":null,"date_max":null,"default_date":null,"spinnable":null,"alphanum":null,"blank_enabled":null,"width":null,"placeholder":null,"progress_bar":{"overall":{"current":"1","total":"5"},"bullet":{"current":"0","total":"2"}},"resources":{"partner_logo":"","image":""},"media":{},"sidebar":{},"image":null,"store_title_in_post":null,"store_text_in_post":null,"store_answer_in_post":null,"undo_available":false,"redo_client_input":null,"end":null,"save":null,"complete":null,"delete":null,"redirect_path":null,"consent_flow":null,"consent_app_id":null},"runtime_data":{"variables":[{"name":"_frequency_answer_1","value":"Never"},{"name":"_frequency_answer_2","value":"Once or twice a month"},{"name":"_frequency_answer_3","value":"About once per week"},{"name":"_frequency_answer_4","value":"More than once per week"},{"name":"_frequency_answer_5","value":"Almost every single day"},{"name":"_satisfied_answer_1","value":"Very dissatisfied"},{"name":"_satisfied_answer_2","value":"Somewhat dissatisfied"},{"name":"_satisfied_answer_3","value":"A little dissatisfied"},{"name":"_satisfied_answer_4","value":"Neutral"},{"name":"_satisfied_answer_5","value":"A little satisfied"},{"name":"_satisfied_answer_6","value":"Somewhat satisfied"},{"name":"_satisfied_answer_7","value":"Very satisfied"},{"name":"_day_frequency_answer_1","value":"Not at all"},{"name":"_day_frequency_answer_2","value":"Several days"},{"name":"_day_frequency_answer_3","value":"More than half the days"},{"name":"_day_frequency_answer_4","value":"Nearly every day"},{"name":"ha_1","value":"1"},{"name":"ha_2","value":"3"},{"name":"ha_3","value":"1"},{"name":"ha_4","value":"5"},{"name":"ha_5","value":"5"},{"name":"ha_6","value":"7"},{"name":"ha_7","value":"6"},{"name":"ha_8","value":"2"},{"name":"ha_9","value":"1"},{"name":"gad2_1","value":"0"},{"name":"gad2_2","value":"2"},{"name":"ha_satisfaction_score","value":"53"},{"name":"ha_positive_score","value":"38"},{"name":"ha_happiness_score","value":"46"}],"conversation_context":{"dialog_mode":"scheduled_assessment","locale":"en_US","app_id":"connect","user_agent":"python-requests/2.28.1","version_name":"live","conversation_id":"90a1e3e1-ad0f-4966-ac9c-91f3ed18c853","user_id":1446,"session_id":null,"dialog_id":1284,"version_number":1,"log_conversation":true,"debug_conversation":false,"state_undo_enabled":true,"dialog_package_id":null,"dialog_package_policy":"strict","classifier_package_id":null,"classifier_package_policy":"strict","dialog_uuid":"02536810-96a3-4c1c-9e83-ec65899161c1","dialog_data":{"id":1284,"uuid":"02536810-96a3-4c1c-9e83-ec65899161c1","name":"HA-Dialog-from-Skeleton","title":null,"type":"happiness_assessment"},"resources":{"partner_logo":"","image":""},"study_id":null,"track_id":null},"conversation_context_changes":{"dialog_id":[null,1284],"version_number":[null,1],"log_conversation":[false,true],"dialog_data":[null,{"id":1284,"uuid":"02536810-96a3-4c1c-9e83-ec65899161c1","name":"HA-Dialog-from-Skeleton","title":null,"type":"happiness_assessment"}],"resources":[null,{"partner_logo":"","image":""}]},"path":"sections(quastion_1).nodes(question)","current_node":"question","current_section":"quastion_1","previous_node":null,"previous_section":null,"error":null},"history":null,"dialog_uuid":"02536810-96a3-4c1c-9e83-ec65899161c1","dialog_name":"HA-Dialog-from-Skeleton","dialog_type":"happiness_assessment","dialog_title":null,"is_retry":false,"is_error":false}
Response headers: {'Server': 'nginx', 'Date': 'Tue, 24 Jan 2023 14:39:03 GMT', 'Content-Type': 'application/json', 'Transfer-Encoding': 'chunked', 'Connection': 'keep-alive', 'Vary': 'Accept-Encoding', 'x-process-time': '193.6347484588623 ms', 'Strict-Transport-Security': 'max-age=31536000', 'X-XSS-Protection': '1; mode=block', 'X-Content-Type-Options': 'nosniff', 'Content-Encoding': 'gzip'}
Response cookies: {}

-------------------------

-------------------------
Test: connect/test_assessments.py::TestAssessments::test_happiness_assessment (call)
Time: 2023-01-24 15:39:03.657556
Request method: POST
Request URL: https://qa06-connect.stage-twill.health/api/v1/users/dialog/
Request data: None
Request json: {'conversation_id': '90a1e3e1-ad0f-4966-ac9c-91f3ed18c853', 'turn_number': 1, 'client_input': '3'}
Request headers: None
Request cookies: {'ses': '109afa202bce465e8ca0bbdfc436fdc2'}

Response code: 200
Response text: {"conversation_id":"90a1e3e1-ad0f-4966-ac9c-91f3ed18c853","turn_number":2,"dialog_mode":"scheduled_assessment","data":{"type":"single_obj","text":"In the past month, how often have you felt serene, grateful, or relaxed?","guidance":null,"button_text":null,"decline_button_text":null,"options":[{"id":"1","answer":"Never","description":null},{"id":"2","answer":"Once or twice a month","description":null},{"id":"3","answer":"About once per week","description":null},{"id":"4","answer":"More than once per week","description":null},{"id":"5","answer":"Almost every single day","description":null}],"min":null,"max":null,"delay":523,"hours_min":null,"hours_max":null,"minutes_interval":null,"default_time":null,"date_min":null,"date_max":null,"default_date":null,"spinnable":null,"alphanum":null,"blank_enabled":null,"width":null,"placeholder":null,"progress_bar":{"overall":{"current":"1","total":"5"},"bullet":{"current":"1","total":"2"}},"resources":{"partner_logo":"","image":""},"media":{},"sidebar":{},"image":null,"store_title_in_post":null,"store_text_in_post":null,"store_answer_in_post":null,"undo_available":true,"redo_client_input":null,"end":null,"save":null,"complete":null,"delete":null,"redirect_path":null,"consent_flow":null,"consent_app_id":null},"runtime_data":{"variables":[{"name":"_frequency_answer_1","value":"Never"},{"name":"_frequency_answer_2","value":"Once or twice a month"},{"name":"_frequency_answer_3","value":"About once per week"},{"name":"_frequency_answer_4","value":"More than once per week"},{"name":"_frequency_answer_5","value":"Almost every single day"},{"name":"_satisfied_answer_1","value":"Very dissatisfied"},{"name":"_satisfied_answer_2","value":"Somewhat dissatisfied"},{"name":"_satisfied_answer_3","value":"A little dissatisfied"},{"name":"_satisfied_answer_4","value":"Neutral"},{"name":"_satisfied_answer_5","value":"A little satisfied"},{"name":"_satisfied_answer_6","value":"Somewhat satisfied"},{"name":"_satisfied_answer_7","value":"Very satisfied"},{"name":"_day_frequency_answer_1","value":"Not at all"},{"name":"_day_frequency_answer_2","value":"Several days"},{"name":"_day_frequency_answer_3","value":"More than half the days"},{"name":"_day_frequency_answer_4","value":"Nearly every day"},{"name":"ha_1","value":"3"},{"name":"ha_2","value":"3"},{"name":"ha_3","value":"1"},{"name":"ha_4","value":"5"},{"name":"ha_5","value":"5"},{"name":"ha_6","value":"7"},{"name":"ha_7","value":"6"},{"name":"ha_8","value":"2"},{"name":"ha_9","value":"1"},{"name":"gad2_1","value":"0"},{"name":"gad2_2","value":"2"},{"name":"ha_satisfaction_score","value":"53"},{"name":"ha_positive_score","value":"38"},{"name":"ha_happiness_score","value":"46"}],"conversation_context":{"dialog_mode":"scheduled_assessment","locale":"en_US","app_id":"connect","user_agent":"python-requests/2.28.1","version_name":"live","conversation_id":"90a1e3e1-ad0f-4966-ac9c-91f3ed18c853","user_id":1446,"session_id":null,"dialog_id":1284,"version_number":1,"log_conversation":true,"debug_conversation":false,"state_undo_enabled":true,"dialog_package_id":null,"dialog_package_policy":"strict","classifier_package_id":null,"classifier_package_policy":"strict","dialog_uuid":"02536810-96a3-4c1c-9e83-ec65899161c1","dialog_data":{"id":1284,"uuid":"02536810-96a3-4c1c-9e83-ec65899161c1","name":"HA-Dialog-from-Skeleton","title":null,"type":"happiness_assessment"},"resources":{"partner_logo":"","image":""},"study_id":null,"track_id":null},"conversation_context_changes":{},"path":"sections(question_2).nodes(question)","current_node":"question","current_section":"question_2","previous_node":"question","previous_section":"quastion_1","error":null},"history":null,"dialog_uuid":"02536810-96a3-4c1c-9e83-ec65899161c1","dialog_name":"HA-Dialog-from-Skeleton","dialog_type":"happiness_assessment","dialog_title":null,"is_retry":false,"is_error":false}
Response headers: {'Server': 'nginx', 'Date': 'Tue, 24 Jan 2023 14:39:03 GMT', 'Content-Type': 'application/json', 'Transfer-Encoding': 'chunked', 'Connection': 'keep-alive', 'Vary': 'Accept-Encoding', 'x-process-time': '35.526275634765625 ms', 'Strict-Transport-Security': 'max-age=31536000', 'X-XSS-Protection': '1; mode=block', 'X-Content-Type-Options': 'nosniff', 'Content-Encoding': 'gzip'}
Response cookies: {}

-------------------------

-------------------------
Test: connect/test_assessments.py::TestAssessments::test_assessment_dialog (call)
Time: 2023-01-24 15:39:05.206302
Request method: GET
Request URL: https://qa06-connect.stage-twill.health/api/v1/users/dialog/
Request data: None
Request json: None
Request headers: None
Request cookies: {'ses': 'ace09c68604748de8c897507f9ed69d9'}

Response code: 200
Response text: {"conversation_id":"672c7ca9-3df6-4ac9-bdca-5b4505663ae5","turn_number":1,"dialog_mode":"onboarding_assessment","data":{"type":"intro","text":"Let's get started. Answer just a few more questions so Confide Behavioral Health NavigatorSM can help guide you to your best options for care.","guidance":null,"button_text":"Continue","decline_button_text":null,"options":[],"min":null,"max":null,"delay":0,"hours_min":null,"hours_max":null,"minutes_interval":null,"default_time":null,"date_min":null,"date_max":null,"default_date":null,"spinnable":null,"alphanum":null,"blank_enabled":null,"width":null,"placeholder":null,"progress_bar":{"overall":{"current":"0","total":"0"},"bullet":{"current":"0","total":"0"}},"resources":{"partner_logo":"","image":""},"media":{},"sidebar":{},"image":null,"store_title_in_post":null,"store_text_in_post":null,"store_answer_in_post":null,"undo_available":false,"redo_client_input":null,"end":null,"save":null,"complete":null,"delete":null,"redirect_path":null,"consent_flow":null,"consent_app_id":null},"runtime_data":{"variables":[{"name":"understanding_confide","value":"2"},{"name":"about_homelife","value":"True"},{"name":"condition_support","value":"substance_use"},{"name":"therapist_help","value":"False"},{"name":"tr_mental_health","value":"4"},{"name":"tr_emotional_problems","value":"2"},{"name":"tr_activities_roles","value":"3"},{"name":"tr_connected","value":"3"}],"conversation_context":{"dialog_mode":"onboarding_assessment","locale":"en_US","app_id":"connect","user_agent":"python-requests/2.28.1","version_name":"live","conversation_id":"672c7ca9-3df6-4ac9-bdca-5b4505663ae5","user_id":1446,"session_id":null,"dialog_id":1287,"version_number":1,"log_conversation":true,"debug_conversation":false,"state_undo_enabled":true,"dialog_package_id":null,"dialog_package_policy":"strict","classifier_package_id":null,"classifier_package_policy":"strict","dialog_uuid":"4077ad08-4b32-4763-9388-bda32119adc2","dialog_data":{"id":1287,"uuid":"4077ad08-4b32-4763-9388-bda32119adc2","name":"Connect","title":null,"type":null},"resources":{"partner_logo":"","image":""},"study_id":null,"track_id":null},"conversation_context_changes":{"dialog_id":[null,1287],"version_number":[null,1],"log_conversation":[false,true],"dialog_data":[null,{"id":1287,"uuid":"4077ad08-4b32-4763-9388-bda32119adc2","name":"Connect","title":null,"type":null}],"resources":[null,{"partner_logo":"","image":""}]},"path":"sections(intro).nodes(intro1)","current_node":"intro1","current_section":"intro","previous_node":null,"previous_section":null,"error":null},"history":null,"dialog_uuid":"4077ad08-4b32-4763-9388-bda32119adc2","dialog_name":"Connect","dialog_type":null,"dialog_title":null,"is_retry":false,"is_error":false}
Response headers: {'Server': 'nginx', 'Date': 'Tue, 24 Jan 2023 14:39:05 GMT', 'Content-Type': 'application/json', 'Transfer-Encoding': 'chunked', 'Connection': 'keep-alive', 'Vary': 'Accept-Encoding', 'x-process-time': '67.18659400939941 ms', 'Strict-Transport-Security': 'max-age=31536000', 'X-XSS-Protection': '1; mode=block', 'X-Content-Type-Options': 'nosniff', 'Content-Encoding': 'gzip'}
Response cookies: {}

-------------------------

-------------------------
Test: connect/test_assessments.py::TestAssessments::test_assessment_dialog (call)
Time: 2023-01-24 15:39:05.523374
Request method: POST
Request URL: https://qa06-connect.stage-twill.health/api/v1/users/dialog/
Request data: None
Request json: {'conversation_id': '672c7ca9-3df6-4ac9-bdca-5b4505663ae5', 'turn_number': 1, 'client_input': ''}
Request headers: None
Request cookies: {'ses': 'ace09c68604748de8c897507f9ed69d9'}

Response code: 200
Response text: {"conversation_id":"672c7ca9-3df6-4ac9-bdca-5b4505663ae5","turn_number":2,"dialog_mode":"onboarding_assessment","data":{"type":"single_obj","text":"Do you want help understanding your Confide Behavioral Health Navigator Benefits?","guidance":null,"button_text":null,"decline_button_text":null,"options":[{"id":"1","answer":"Yes, learn more about Confide","description":null},{"id":"2","answer":"Yes, connect me with an Advocate","description":null},{"id":"3","answer":"None of these at this time","description":null}],"min":null,"max":null,"delay":4965,"hours_min":null,"hours_max":null,"minutes_interval":null,"default_time":null,"date_min":null,"date_max":null,"default_date":null,"spinnable":null,"alphanum":null,"blank_enabled":null,"width":null,"placeholder":null,"progress_bar":{"overall":{"current":"1","total":"8"},"bullet":{"current":"0","total":"0"}},"resources":{"partner_logo":"","image":""},"media":{},"sidebar":{},"image":null,"store_title_in_post":null,"store_text_in_post":null,"store_answer_in_post":null,"undo_available":true,"redo_client_input":null,"end":null,"save":null,"complete":null,"delete":null,"redirect_path":null,"consent_flow":null,"consent_app_id":null},"runtime_data":{"variables":[{"name":"understanding_confide","value":"2"},{"name":"about_homelife","value":"True"},{"name":"condition_support","value":"substance_use"},{"name":"therapist_help","value":"False"},{"name":"tr_mental_health","value":"4"},{"name":"tr_emotional_problems","value":"2"},{"name":"tr_activities_roles","value":"3"},{"name":"tr_connected","value":"3"}],"conversation_context":{"dialog_mode":"onboarding_assessment","locale":"en_US","app_id":"connect","user_agent":"python-requests/2.28.1","version_name":"live","conversation_id":"672c7ca9-3df6-4ac9-bdca-5b4505663ae5","user_id":1446,"session_id":null,"dialog_id":1287,"version_number":1,"log_conversation":true,"debug_conversation":false,"state_undo_enabled":true,"dialog_package_id":null,"dialog_package_policy":"strict","classifier_package_id":null,"classifier_package_policy":"strict","dialog_uuid":"4077ad08-4b32-4763-9388-bda32119adc2","dialog_data":{"id":1287,"uuid":"4077ad08-4b32-4763-9388-bda32119adc2","name":"Connect","title":null,"type":null},"resources":{"partner_logo":"","image":""},"study_id":null,"track_id":null},"conversation_context_changes":{},"path":"sections(cigna confide).nodes(confide1)","current_node":"confide1","current_section":"cigna confide","previous_node":"intro1","previous_section":"intro","error":null},"history":null,"dialog_uuid":"4077ad08-4b32-4763-9388-bda32119adc2","dialog_name":"Connect","dialog_type":null,"dialog_title":null,"is_retry":false,"is_error":false}
Response headers: {'Server': 'nginx', 'Date': 'Tue, 24 Jan 2023 14:39:05 GMT', 'Content-Type': 'application/json', 'Transfer-Encoding': 'chunked', 'Connection': 'keep-alive', 'Vary': 'Accept-Encoding', 'x-process-time': '30.489206314086914 ms', 'Strict-Transport-Security': 'max-age=31536000', 'X-XSS-Protection': '1; mode=block', 'X-Content-Type-Options': 'nosniff', 'Content-Encoding': 'gzip'}
Response cookies: {}

-------------------------

-------------------------
Test: connect/test_assessments.py::TestAssessments::test_assessment_dialog (call)
Time: 2023-01-24 15:39:05.798402
Request method: POST
Request URL: https://qa06-connect.stage-twill.health/api/v1/users/dialog/
Request data: None
Request json: {'conversation_id': '672c7ca9-3df6-4ac9-bdca-5b4505663ae5', 'turn_number': 2, 'client_input': '1'}
Request headers: None
Request cookies: {'ses': 'ace09c68604748de8c897507f9ed69d9'}

Response code: 200
Response text: {"conversation_id":"672c7ca9-3df6-4ac9-bdca-5b4505663ae5","turn_number":3,"dialog_mode":"onboarding_assessment","data":{"type":"single_obj","text":"Do you want to learn more about available Home Life Referral Resources such as caregiving, financial and legal resources, career development, home improvement and more?","guidance":null,"button_text":null,"decline_button_text":null,"options":[{"id":"1","answer":"Yes","description":null},{"id":"0","answer":"No, not at this time","description":null}],"min":null,"max":null,"delay":523,"hours_min":null,"hours_max":null,"minutes_interval":null,"default_time":null,"date_min":null,"date_max":null,"default_date":null,"spinnable":null,"alphanum":null,"blank_enabled":null,"width":null,"placeholder":null,"progress_bar":{"overall":{"current":"2","total":"8"},"bullet":{"current":"0","total":"0"}},"resources":{"partner_logo":"","image":""},"media":{},"sidebar":{},"image":null,"store_title_in_post":null,"store_text_in_post":null,"store_answer_in_post":null,"undo_available":true,"redo_client_input":null,"end":null,"save":null,"complete":null,"delete":null,"redirect_path":null,"consent_flow":null,"consent_app_id":null},"runtime_data":{"variables":[{"name":"understanding_confide","value":"1"},{"name":"about_homelife","value":"True"},{"name":"condition_support","value":"substance_use"},{"name":"therapist_help","value":"False"},{"name":"tr_mental_health","value":"4"},{"name":"tr_emotional_problems","value":"2"},{"name":"tr_activities_roles","value":"3"},{"name":"tr_connected","value":"3"}],"conversation_context":{"dialog_mode":"onboarding_assessment","locale":"en_US","app_id":"connect","user_agent":"python-requests/2.28.1","version_name":"live","conversation_id":"672c7ca9-3df6-4ac9-bdca-5b4505663ae5","user_id":1446,"session_id":null,"dialog_id":1287,"version_number":1,"log_conversation":true,"debug_conversation":false,"state_undo_enabled":true,"dialog_package_id":null,"dialog_package_policy":"strict","classifier_package_id":null,"classifier_package_policy":"strict","dialog_uuid":"4077ad08-4b32-4763-9388-bda32119adc2","dialog_data":{"id":1287,"uuid":"4077ad08-4b32-4763-9388-bda32119adc2","name":"Connect","title":null,"type":null},"resources":{"partner_logo":"","image":""},"study_id":null,"track_id":null},"conversation_context_changes":{},"path":"sections(cigna confide).nodes(confide2)","current_node":"confide2","current_section":"cigna confide","previous_node":"confide1","previous_section":"cigna confide","error":null},"history":null,"dialog_uuid":"4077ad08-4b32-4763-9388-bda32119adc2","dialog_name":"Connect","dialog_type":null,"dialog_title":null,"is_retry":false,"is_error":false}
Response headers: {'Server': 'nginx', 'Date': 'Tue, 24 Jan 2023 14:39:05 GMT', 'Content-Type': 'application/json', 'Transfer-Encoding': 'chunked', 'Connection': 'keep-alive', 'Vary': 'Accept-Encoding', 'x-process-time': '38.062334060668945 ms', 'Strict-Transport-Security': 'max-age=31536000', 'X-XSS-Protection': '1; mode=block', 'X-Content-Type-Options': 'nosniff', 'Content-Encoding': 'gzip'}
Response cookies: {}

-------------------------

-------------------------
Test: connect/test_assessments.py::TestAssessments::test_assessment_dialog (call)
Time: 2023-01-24 15:39:06.076923
Request method: POST
Request URL: https://qa06-connect.stage-twill.health/api/v1/users/dialog/
Request data: None
Request json: {'conversation_id': '672c7ca9-3df6-4ac9-bdca-5b4505663ae5', 'turn_number': 3, 'client_input': '1'}
Request headers: None
Request cookies: {'ses': 'ace09c68604748de8c897507f9ed69d9'}

Response code: 200
Response text: {"conversation_id":"672c7ca9-3df6-4ac9-bdca-5b4505663ae5","turn_number":4,"dialog_mode":"onboarding_assessment","data":{"type":"multi_obj","text":"Are you looking for support for a specific condition?","guidance":"Check all that apply","button_text":null,"decline_button_text":null,"options":[{"id":"autism","answer":"Autism","description":null},{"id":"bipolar_disorder","answer":"Bipolar Disorder","description":null},{"id":"covid_stress","answer":"COVID19 Stress or Anxiety","description":null},{"id":"depression_anxiety","answer":"Depression or Anxiety","description":null},{"id":"eating_disorders","answer":"Eating Disorders","description":null},{"id":"med_evaluation","answer":"Medication Evaluation","description":null},{"id":"mental_health_treatment","answer":"Mental Health Treatment and Levels of Care","description":null},{"id":"stress","answer":"Stress","description":null},{"id":"substance_use","answer":"Substance Use","description":null},{"id":"suicide_awareness","answer":"Suicide Awareness and Prevention","description":null}],"min":0,"max":10,"delay":523,"hours_min":null,"hours_max":null,"minutes_interval":null,"default_time":null,"date_min":null,"date_max":null,"default_date":null,"spinnable":null,"alphanum":null,"blank_enabled":null,"width":null,"placeholder":null,"progress_bar":{"overall":{"current":"3","total":"8"},"bullet":{"current":"0","total":"0"}},"resources":{"partner_logo":"","image":""},"media":{},"sidebar":{},"image":null,"store_title_in_post":null,"store_text_in_post":null,"store_answer_in_post":null,"undo_available":true,"redo_client_input":null,"end":null,"save":null,"complete":null,"delete":null,"redirect_path":null,"consent_flow":null,"consent_app_id":null},"runtime_data":{"variables":[{"name":"understanding_confide","value":"1"},{"name":"about_homelife","value":"True"},{"name":"condition_support","value":"substance_use"},{"name":"therapist_help","value":"False"},{"name":"tr_mental_health","value":"4"},{"name":"tr_emotional_problems","value":"2"},{"name":"tr_activities_roles","value":"3"},{"name":"tr_connected","value":"3"}],"conversation_context":{"dialog_mode":"onboarding_assessment","locale":"en_US","app_id":"connect","user_agent":"python-requests/2.28.1","version_name":"live","conversation_id":"672c7ca9-3df6-4ac9-bdca-5b4505663ae5","user_id":1446,"session_id":null,"dialog_id":1287,"version_number":1,"log_conversation":true,"debug_conversation":false,"state_undo_enabled":true,"dialog_package_id":null,"dialog_package_policy":"strict","classifier_package_id":null,"classifier_package_policy":"strict","dialog_uuid":"4077ad08-4b32-4763-9388-bda32119adc2","dialog_data":{"id":1287,"uuid":"4077ad08-4b32-4763-9388-bda32119adc2","name":"Connect","title":null,"type":null},"resources":{"partner_logo":"","image":""},"study_id":null,"track_id":null},"conversation_context_changes":{},"path":"sections(cigna confide).nodes(confide3)","current_node":"confide3","current_section":"cigna confide","previous_node":"confide2","previous_section":"cigna confide","error":null},"history":null,"dialog_uuid":"4077ad08-4b32-4763-9388-bda32119adc2","dialog_name":"Connect","dialog_type":null,"dialog_title":null,"is_retry":false,"is_error":false}
Response headers: {'Server': 'nginx', 'Date': 'Tue, 24 Jan 2023 14:39:06 GMT', 'Content-Type': 'application/json', 'Transfer-Encoding': 'chunked', 'Connection': 'keep-alive', 'Vary': 'Accept-Encoding', 'x-process-time': '41.87726974487305 ms', 'Strict-Transport-Security': 'max-age=31536000', 'X-XSS-Protection': '1; mode=block', 'X-Content-Type-Options': 'nosniff', 'Content-Encoding': 'gzip'}
Response cookies: {}

-------------------------

-------------------------
Test: connect/test_assessments.py::TestAssessments::test_assessment_dialog (call)
Time: 2023-01-24 15:39:06.357408
Request method: POST
Request URL: https://qa06-connect.stage-twill.health/api/v1/users/dialog/
Request data: None
Request json: {'conversation_id': '672c7ca9-3df6-4ac9-bdca-5b4505663ae5', 'turn_number': 4, 'client_input': 'stress'}
Request headers: None
Request cookies: {'ses': 'ace09c68604748de8c897507f9ed69d9'}

Response code: 200
Response text: {"conversation_id":"672c7ca9-3df6-4ac9-bdca-5b4505663ae5","turn_number":5,"dialog_mode":"onboarding_assessment","data":{"type":"single_obj","text":"Do you need help finding a therapist or appointment?","guidance":null,"button_text":null,"decline_button_text":null,"options":[{"id":"1","answer":"Yes","description":null},{"id":"0","answer":"No","description":null}],"min":null,"max":null,"delay":638,"hours_min":null,"hours_max":null,"minutes_interval":null,"default_time":null,"date_min":null,"date_max":null,"default_date":null,"spinnable":null,"alphanum":null,"blank_enabled":null,"width":null,"placeholder":null,"progress_bar":{"overall":{"current":"4","total":"8"},"bullet":{"current":"0","total":"0"}},"resources":{"partner_logo":"","image":""},"media":{},"sidebar":{},"image":null,"store_title_in_post":null,"store_text_in_post":null,"store_answer_in_post":null,"undo_available":true,"redo_client_input":null,"end":null,"save":null,"complete":null,"delete":null,"redirect_path":null,"consent_flow":null,"consent_app_id":null},"runtime_data":{"variables":[{"name":"understanding_confide","value":"1"},{"name":"about_homelife","value":"True"},{"name":"condition_support","value":"stress"},{"name":"therapist_help","value":"False"},{"name":"tr_mental_health","value":"4"},{"name":"tr_emotional_problems","value":"2"},{"name":"tr_activities_roles","value":"3"},{"name":"tr_connected","value":"3"}],"conversation_context":{"dialog_mode":"onboarding_assessment","locale":"en_US","app_id":"connect","user_agent":"python-requests/2.28.1","version_name":"live","conversation_id":"672c7ca9-3df6-4ac9-bdca-5b4505663ae5","user_id":1446,"session_id":null,"dialog_id":1287,"version_number":1,"log_conversation":true,"debug_conversation":false,"state_undo_enabled":true,"dialog_package_id":null,"dialog_package_policy":"strict","classifier_package_id":null,"classifier_package_policy":"strict","dialog_uuid":"4077ad08-4b32-4763-9388-bda32119adc2","dialog_data":{"id":1287,"uuid":"4077ad08-4b32-4763-9388-bda32119adc2","name":"Connect","title":null,"type":null},"resources":{"partner_logo":"","image":""},"study_id":null,"track_id":null},"conversation_context_changes":{},"path":"sections(cigna confide).nodes(confide4)","current_node":"confide4","current_section":"cigna confide","previous_node":"confide3","previous_section":"cigna confide","error":null},"history":null,"dialog_uuid":"4077ad08-4b32-4763-9388-bda32119adc2","dialog_name":"Connect","dialog_type":null,"dialog_title":null,"is_retry":false,"is_error":false}
Response headers: {'Server': 'nginx', 'Date': 'Tue, 24 Jan 2023 14:39:06 GMT', 'Content-Type': 'application/json', 'Transfer-Encoding': 'chunked', 'Connection': 'keep-alive', 'Vary': 'Accept-Encoding', 'x-process-time': '37.65058517456055 ms', 'Strict-Transport-Security': 'max-age=31536000', 'X-XSS-Protection': '1; mode=block', 'X-Content-Type-Options': 'nosniff', 'Content-Encoding': 'gzip'}
Response cookies: {}

-------------------------

-------------------------
Test: connect/test_assessments.py::TestAssessments::test_assessment_dialog (call)
Time: 2023-01-24 15:39:06.646318
Request method: POST
Request URL: https://qa06-connect.stage-twill.health/api/v1/users/dialog/
Request data: None
Request json: {'conversation_id': '672c7ca9-3df6-4ac9-bdca-5b4505663ae5', 'turn_number': 5, 'client_input': '0'}
Request headers: None
Request cookies: {'ses': 'ace09c68604748de8c897507f9ed69d9'}

Response code: 200
Response text: {"conversation_id":"672c7ca9-3df6-4ac9-bdca-5b4505663ae5","turn_number":6,"dialog_mode":"onboarding_assessment","data":{"type":"single_obj","text":"In the last seven days, how would you rate your mental health, including your mood and your ability to think?","guidance":null,"button_text":null,"decline_button_text":null,"options":[{"id":"1","answer":"Excellent","description":null},{"id":"2","answer":"Very good","description":null},{"id":"3","answer":"Good","description":null},{"id":"4","answer":"Fair","description":null},{"id":"5","answer":"Poor","description":null}],"min":null,"max":null,"delay":523,"hours_min":null,"hours_max":null,"minutes_interval":null,"default_time":null,"date_min":null,"date_max":null,"default_date":null,"spinnable":null,"alphanum":null,"blank_enabled":null,"width":null,"placeholder":null,"progress_bar":{"overall":{"current":"5","total":"8"},"bullet":{"current":"0","total":"0"}},"resources":{"partner_logo":"","image":""},"media":{},"sidebar":{},"image":null,"store_title_in_post":null,"store_text_in_post":null,"store_answer_in_post":null,"undo_available":true,"redo_client_input":null,"end":null,"save":null,"complete":null,"delete":null,"redirect_path":null,"consent_flow":null,"consent_app_id":null},"runtime_data":{"variables":[{"name":"understanding_confide","value":"1"},{"name":"about_homelife","value":"True"},{"name":"condition_support","value":"stress"},{"name":"therapist_help","value":"False"},{"name":"tr_mental_health","value":"4"},{"name":"tr_emotional_problems","value":"2"},{"name":"tr_activities_roles","value":"3"},{"name":"tr_connected","value":"3"}],"conversation_context":{"dialog_mode":"onboarding_assessment","locale":"en_US","app_id":"connect","user_agent":"python-requests/2.28.1","version_name":"live","conversation_id":"672c7ca9-3df6-4ac9-bdca-5b4505663ae5","user_id":1446,"session_id":null,"dialog_id":1287,"version_number":1,"log_conversation":true,"debug_conversation":false,"state_undo_enabled":true,"dialog_package_id":null,"dialog_package_policy":"strict","classifier_package_id":null,"classifier_package_policy":"strict","dialog_uuid":"4077ad08-4b32-4763-9388-bda32119adc2","dialog_data":{"id":1287,"uuid":"4077ad08-4b32-4763-9388-bda32119adc2","name":"Connect","title":null,"type":null},"resources":{"partner_logo":"","image":""},"study_id":null,"track_id":null},"conversation_context_changes":{},"path":"sections(happify mh).nodes(mh1)","current_node":"mh1","current_section":"happify mh","previous_node":"confide4","previous_section":"cigna confide","error":null},"history":null,"dialog_uuid":"4077ad08-4b32-4763-9388-bda32119adc2","dialog_name":"Connect","dialog_type":null,"dialog_title":null,"is_retry":false,"is_error":false}
Response headers: {'Server': 'nginx', 'Date': 'Tue, 24 Jan 2023 14:39:06 GMT', 'Content-Type': 'application/json', 'Transfer-Encoding': 'chunked', 'Connection': 'keep-alive', 'Vary': 'Accept-Encoding', 'x-process-time': '36.45586967468262 ms', 'Strict-Transport-Security': 'max-age=31536000', 'X-XSS-Protection': '1; mode=block', 'X-Content-Type-Options': 'nosniff', 'Content-Encoding': 'gzip'}
Response cookies: {}

-------------------------

-------------------------
Test: connect/test_assessments.py::TestAssessments::test_assessment_dialog (call)
Time: 2023-01-24 15:39:06.931322
Request method: POST
Request URL: https://qa06-connect.stage-twill.health/api/v1/users/dialog/
Request data: None
Request json: {'conversation_id': '672c7ca9-3df6-4ac9-bdca-5b4505663ae5', 'turn_number': 6, 'client_input': '2'}
Request headers: None
Request cookies: {'ses': 'ace09c68604748de8c897507f9ed69d9'}

Response code: 200
Response text: {"conversation_id":"672c7ca9-3df6-4ac9-bdca-5b4505663ae5","turn_number":7,"dialog_mode":"onboarding_assessment","data":{"type":"single_obj","text":"In the last seven days, how often have you been bothered by emotional problems such as feeling anxious, depressed or irritable?","guidance":null,"button_text":null,"decline_button_text":null,"options":[{"id":"1","answer":"Never","description":null},{"id":"2","answer":"Rarely","description":null},{"id":"3","answer":"Sometimes","description":null},{"id":"4","answer":"Often","description":null},{"id":"5","answer":"Always","description":null}],"min":null,"max":null,"delay":523,"hours_min":null,"hours_max":null,"minutes_interval":null,"default_time":null,"date_min":null,"date_max":null,"default_date":null,"spinnable":null,"alphanum":null,"blank_enabled":null,"width":null,"placeholder":null,"progress_bar":{"overall":{"current":"6","total":"8"},"bullet":{"current":"0","total":"0"}},"resources":{"partner_logo":"","image":""},"media":{},"sidebar":{},"image":null,"store_title_in_post":null,"store_text_in_post":null,"store_answer_in_post":null,"undo_available":true,"redo_client_input":null,"end":null,"save":null,"complete":null,"delete":null,"redirect_path":null,"consent_flow":null,"consent_app_id":null},"runtime_data":{"variables":[{"name":"understanding_confide","value":"1"},{"name":"about_homelife","value":"True"},{"name":"condition_support","value":"stress"},{"name":"therapist_help","value":"False"},{"name":"tr_mental_health","value":"2"},{"name":"tr_emotional_problems","value":"2"},{"name":"tr_activities_roles","value":"3"},{"name":"tr_connected","value":"3"}],"conversation_context":{"dialog_mode":"onboarding_assessment","locale":"en_US","app_id":"connect","user_agent":"python-requests/2.28.1","version_name":"live","conversation_id":"672c7ca9-3df6-4ac9-bdca-5b4505663ae5","user_id":1446,"session_id":null,"dialog_id":1287,"version_number":1,"log_conversation":true,"debug_conversation":false,"state_undo_enabled":true,"dialog_package_id":null,"dialog_package_policy":"strict","classifier_package_id":null,"classifier_package_policy":"strict","dialog_uuid":"4077ad08-4b32-4763-9388-bda32119adc2","dialog_data":{"id":1287,"uuid":"4077ad08-4b32-4763-9388-bda32119adc2","name":"Connect","title":null,"type":null},"resources":{"partner_logo":"","image":""},"study_id":null,"track_id":null},"conversation_context_changes":{},"path":"sections(happify mh).nodes(mh2)","current_node":"mh2","current_section":"happify mh","previous_node":"mh1","previous_section":"happify mh","error":null},"history":null,"dialog_uuid":"4077ad08-4b32-4763-9388-bda32119adc2","dialog_name":"Connect","dialog_type":null,"dialog_title":null,"is_retry":false,"is_error":false}
Response headers: {'Server': 'nginx', 'Date': 'Tue, 24 Jan 2023 14:39:07 GMT', 'Content-Type': 'application/json', 'Transfer-Encoding': 'chunked', 'Connection': 'keep-alive', 'Vary': 'Accept-Encoding', 'x-process-time': '35.12001037597656 ms', 'Strict-Transport-Security': 'max-age=31536000', 'X-XSS-Protection': '1; mode=block', 'X-Content-Type-Options': 'nosniff', 'Content-Encoding': 'gzip'}
Response cookies: {}

-------------------------

-------------------------
Test: connect/test_assessments.py::TestAssessments::test_assessment_dialog (call)
Time: 2023-01-24 15:39:07.215403
Request method: POST
Request URL: https://qa06-connect.stage-twill.health/api/v1/users/dialog/
Request data: None
Request json: {'conversation_id': '672c7ca9-3df6-4ac9-bdca-5b4505663ae5', 'turn_number': 7, 'client_input': '3'}
Request headers: None
Request cookies: {'ses': 'ace09c68604748de8c897507f9ed69d9'}

Response code: 200
Response text: {"conversation_id":"672c7ca9-3df6-4ac9-bdca-5b4505663ae5","turn_number":8,"dialog_mode":"onboarding_assessment","data":{"type":"single_obj","text":"In the last seven days, please rate how well you carry out your usual social activities.","guidance":null,"button_text":null,"decline_button_text":null,"options":[{"id":"1","answer":"Excellent","description":null},{"id":"2","answer":"Very good","description":null},{"id":"3","answer":"Good","description":null},{"id":"4","answer":"Fair","description":null},{"id":"5","answer":"Poor","description":null}],"min":null,"max":null,"delay":523,"hours_min":null,"hours_max":null,"minutes_interval":null,"default_time":null,"date_min":null,"date_max":null,"default_date":null,"spinnable":null,"alphanum":null,"blank_enabled":null,"width":null,"placeholder":null,"progress_bar":{"overall":{"current":"7","total":"8"},"bullet":{"current":"0","total":"0"}},"resources":{"partner_logo":"","image":""},"media":{},"sidebar":{},"image":null,"store_title_in_post":null,"store_text_in_post":null,"store_answer_in_post":null,"undo_available":true,"redo_client_input":null,"end":null,"save":null,"complete":null,"delete":null,"redirect_path":null,"consent_flow":null,"consent_app_id":null},"runtime_data":{"variables":[{"name":"understanding_confide","value":"1"},{"name":"about_homelife","value":"True"},{"name":"condition_support","value":"stress"},{"name":"therapist_help","value":"False"},{"name":"tr_mental_health","value":"2"},{"name":"tr_emotional_problems","value":"3"},{"name":"tr_activities_roles","value":"3"},{"name":"tr_connected","value":"3"}],"conversation_context":{"dialog_mode":"onboarding_assessment","locale":"en_US","app_id":"connect","user_agent":"python-requests/2.28.1","version_name":"live","conversation_id":"672c7ca9-3df6-4ac9-bdca-5b4505663ae5","user_id":1446,"session_id":null,"dialog_id":1287,"version_number":1,"log_conversation":true,"debug_conversation":false,"state_undo_enabled":true,"dialog_package_id":null,"dialog_package_policy":"strict","classifier_package_id":null,"classifier_package_policy":"strict","dialog_uuid":"4077ad08-4b32-4763-9388-bda32119adc2","dialog_data":{"id":1287,"uuid":"4077ad08-4b32-4763-9388-bda32119adc2","name":"Connect","title":null,"type":null},"resources":{"partner_logo":"","image":""},"study_id":null,"track_id":null},"conversation_context_changes":{},"path":"sections(happify mh).nodes(mh3)","current_node":"mh3","current_section":"happify mh","previous_node":"mh2","previous_section":"happify mh","error":null},"history":null,"dialog_uuid":"4077ad08-4b32-4763-9388-bda32119adc2","dialog_name":"Connect","dialog_type":null,"dialog_title":null,"is_retry":false,"is_error":false}
Response headers: {'Server': 'nginx', 'Date': 'Tue, 24 Jan 2023 14:39:07 GMT', 'Content-Type': 'application/json', 'Transfer-Encoding': 'chunked', 'Connection': 'keep-alive', 'Vary': 'Accept-Encoding', 'x-process-time': '35.05587577819824 ms', 'Strict-Transport-Security': 'max-age=31536000', 'X-XSS-Protection': '1; mode=block', 'X-Content-Type-Options': 'nosniff', 'Content-Encoding': 'gzip'}
Response cookies: {}

-------------------------

-------------------------
Test: connect/test_assessments.py::TestAssessments::test_assessment_dialog (call)
Time: 2023-01-24 15:39:07.506699
Request method: POST
Request URL: https://qa06-connect.stage-twill.health/api/v1/users/dialog/
Request data: None
Request json: {'conversation_id': '672c7ca9-3df6-4ac9-bdca-5b4505663ae5', 'turn_number': 8, 'client_input': '3'}
Request headers: None
Request cookies: {'ses': 'ace09c68604748de8c897507f9ed69d9'}

Response code: 200
Response text: {"conversation_id":"672c7ca9-3df6-4ac9-bdca-5b4505663ae5","turn_number":9,"dialog_mode":"onboarding_assessment","data":{"type":"single_obj","text":"Do you wish you were more connected with others?","guidance":null,"button_text":null,"decline_button_text":null,"options":[{"id":"1","answer":"Not at all","description":null},{"id":"2","answer":"A little","description":null},{"id":"3","answer":"Somewhat","description":null},{"id":"4","answer":"Very much","description":null}],"min":null,"max":null,"delay":523,"hours_min":null,"hours_max":null,"minutes_interval":null,"default_time":null,"date_min":null,"date_max":null,"default_date":null,"spinnable":null,"alphanum":null,"blank_enabled":null,"width":null,"placeholder":null,"progress_bar":{"overall":{"current":"8","total":"8"},"bullet":{"current":"0","total":"0"}},"resources":{"partner_logo":"","image":""},"media":{},"sidebar":{},"image":null,"store_title_in_post":null,"store_text_in_post":null,"store_answer_in_post":null,"undo_available":true,"redo_client_input":null,"end":null,"save":null,"complete":null,"delete":null,"redirect_path":null,"consent_flow":null,"consent_app_id":null},"runtime_data":{"variables":[{"name":"understanding_confide","value":"1"},{"name":"about_homelife","value":"True"},{"name":"condition_support","value":"stress"},{"name":"therapist_help","value":"False"},{"name":"tr_mental_health","value":"2"},{"name":"tr_emotional_problems","value":"3"},{"name":"tr_activities_roles","value":"3"},{"name":"tr_connected","value":"3"}],"conversation_context":{"dialog_mode":"onboarding_assessment","locale":"en_US","app_id":"connect","user_agent":"python-requests/2.28.1","version_name":"live","conversation_id":"672c7ca9-3df6-4ac9-bdca-5b4505663ae5","user_id":1446,"session_id":null,"dialog_id":1287,"version_number":1,"log_conversation":true,"debug_conversation":false,"state_undo_enabled":true,"dialog_package_id":null,"dialog_package_policy":"strict","classifier_package_id":null,"classifier_package_policy":"strict","dialog_uuid":"4077ad08-4b32-4763-9388-bda32119adc2","dialog_data":{"id":1287,"uuid":"4077ad08-4b32-4763-9388-bda32119adc2","name":"Connect","title":null,"type":null},"resources":{"partner_logo":"","image":""},"study_id":null,"track_id":null},"conversation_context_changes":{},"path":"sections(direct iprevail).nodes(connected)","current_node":"connected","current_section":"direct iprevail","previous_node":"mh3","previous_section":"happify mh","error":null},"history":null,"dialog_uuid":"4077ad08-4b32-4763-9388-bda32119adc2","dialog_name":"Connect","dialog_type":null,"dialog_title":null,"is_retry":false,"is_error":false}
Response headers: {'Server': 'nginx', 'Date': 'Tue, 24 Jan 2023 14:39:07 GMT', 'Content-Type': 'application/json', 'Transfer-Encoding': 'chunked', 'Connection': 'keep-alive', 'Vary': 'Accept-Encoding', 'x-process-time': '33.17070007324219 ms', 'Strict-Transport-Security': 'max-age=31536000', 'X-XSS-Protection': '1; mode=block', 'X-Content-Type-Options': 'nosniff', 'Content-Encoding': 'gzip'}
Response cookies: {}

-------------------------

-------------------------
Test: connect/test_assessments.py::TestAssessments::test_assessment_dialog (call)
Time: 2023-01-24 15:39:07.786701
Request method: POST
Request URL: https://qa06-connect.stage-twill.health/api/v1/users/dialog/
Request data: None
Request json: {'conversation_id': '672c7ca9-3df6-4ac9-bdca-5b4505663ae5', 'turn_number': 9, 'client_input': '4'}
Request headers: None
Request cookies: {'ses': 'ace09c68604748de8c897507f9ed69d9'}

Response code: 200
Response text: {"conversation_id":"672c7ca9-3df6-4ac9-bdca-5b4505663ae5","turn_number":10,"dialog_mode":"onboarding_assessment","data":{"type":"end","text":"","guidance":null,"button_text":"Continue","decline_button_text":null,"options":[],"min":null,"max":null,"delay":523,"hours_min":null,"hours_max":null,"minutes_interval":null,"default_time":null,"date_min":null,"date_max":null,"default_date":null,"spinnable":null,"alphanum":null,"blank_enabled":null,"width":null,"placeholder":null,"progress_bar":{"overall":{"current":"0","total":"0"},"bullet":{"current":"0","total":"0"}},"resources":{"partner_logo":"","image":""},"media":{},"sidebar":{},"image":null,"store_title_in_post":null,"store_text_in_post":null,"store_answer_in_post":null,"undo_available":false,"redo_client_input":null,"end":true,"save":true,"complete":true,"delete":null,"redirect_path":null,"consent_flow":null,"consent_app_id":null},"runtime_data":{"variables":[{"name":"understanding_confide","value":"1"},{"name":"about_homelife","value":"True"},{"name":"condition_support","value":"stress"},{"name":"therapist_help","value":"False"},{"name":"tr_mental_health","value":"2"},{"name":"tr_emotional_problems","value":"3"},{"name":"tr_activities_roles","value":"3"},{"name":"tr_connected","value":"4"}],"conversation_context":{"dialog_mode":"onboarding_assessment","locale":"en_US","app_id":"connect","user_agent":"python-requests/2.28.1","version_name":"live","conversation_id":"672c7ca9-3df6-4ac9-bdca-5b4505663ae5","user_id":1446,"session_id":null,"dialog_id":1287,"version_number":1,"log_conversation":true,"debug_conversation":false,"state_undo_enabled":true,"dialog_package_id":null,"dialog_package_policy":"strict","classifier_package_id":null,"classifier_package_policy":"strict","dialog_uuid":"4077ad08-4b32-4763-9388-bda32119adc2","dialog_data":{"id":1287,"uuid":"4077ad08-4b32-4763-9388-bda32119adc2","name":"Connect","title":null,"type":null},"resources":{"partner_logo":"","image":""},"study_id":null,"track_id":null},"conversation_context_changes":{},"path":"sections(end).nodes(end)","current_node":"end","current_section":"end","previous_node":"connected","previous_section":"direct iprevail","error":null},"history":null,"dialog_uuid":"4077ad08-4b32-4763-9388-bda32119adc2","dialog_name":"Connect","dialog_type":null,"dialog_title":null,"is_retry":false,"is_error":false}
Response headers: {'Server': 'nginx', 'Date': 'Tue, 24 Jan 2023 14:39:07 GMT', 'Content-Type': 'application/json', 'Transfer-Encoding': 'chunked', 'Connection': 'keep-alive', 'Vary': 'Accept-Encoding', 'x-process-time': '63.165903091430664 ms', 'Strict-Transport-Security': 'max-age=31536000', 'X-XSS-Protection': '1; mode=block', 'X-Content-Type-Options': 'nosniff', 'Content-Encoding': 'gzip'}
Response cookies: {}

-------------------------

-------------------------
Test: connect/test_assessments.py::TestAssessments::test_assessment_dialog (call)
Time: 2023-01-24 15:39:08.090761
Request method: GET
Request URL: https://qa06-connect.stage-twill.health/api/v1/modalities/triage/
Request data: None
Request json: None
Request headers: None
Request cookies: {'ses': 'ace09c68604748de8c897507f9ed69d9'}

Response code: 200
Response text: [{"modality_name":"iPrevail","icon":"https://dev-connect-cms-uploads.s3-eu-west-1.amazonaws.com/cms_uploads/en_US/img/modalities/coaching_6a32fe5_e74a2ed.svg","icon_info":"https://dev-connect-cms-uploads.s3-eu-west-1.amazonaws.com/cms_uploads/en_US/img/modalities/get_support_cda9540_bd3d74a.png","title":"Triage Title - On-Demand Coaching","triage_sub_title":"Triage Subtitle - Peer support, personalized learning tools and more.","info_title":"Triage Info Block Title - On-Demand Coaching with iPrevail","rec_title":"Triage Info Block - Peer support, personalized learning tools and more.","info_button_copy":"Triage Info Block Button Text - Get started","recommended_logo":null,"rec_triage_logo":"https://dev-connect-cms-uploads.s3-eu-west-1.amazonaws.com/cms_uploads/en_US/img/modalities/iprevail_6e4d165_c851ad9.png","third_triage_button_url":"iprevail.com","button_copy":"Triage Info Block ThirdTriage Second Action Link Copy - Second Action Text ","button_url":"Triage Info Block Second Action URL","lgf_score":100000000},{"modality_name":"Resources For Living","icon":"https://dev-connect-cms-uploads.s3-eu-west-1.amazonaws.com/cms_uploads/en_US/img/modalities/RFL-b_Logo_Teal_5bf7b3e.png","icon_info":null,"title":null,"triage_sub_title":null,"info_title":"Resources for Living","rec_title":"Resources for Living is your starting place for free, confidential, 24/7 mental health support and help with everyday living. ","info_button_copy":null,"recommended_logo":"https://dev-connect-cms-uploads.s3-eu-west-1.amazonaws.com/cms_uploads/en_US/img/modalities/RFL-b_Logo_Teal_6d95947.jpeg","rec_triage_logo":"https://dev-connect-cms-uploads.s3-eu-west-1.amazonaws.com/cms_uploads/en_US/img/modalities/RFL-b_Logo_Teal_e1b4a56.jpeg","third_triage_button_url":"https://www.resourcesforliving.com/amazon","button_copy":null,"button_url":null,"lgf_score":1000},{"modality_name":"1to1 Help","icon":null,"icon_info":null,"title":null,"triage_sub_title":null,"info_title":null,"rec_title":"","info_button_copy":null,"recommended_logo":null,"rec_triage_logo":null,"third_triage_button_url":null,"button_copy":null,"button_url":null,"lgf_score":0},{"modality_name":"Life Works","icon":null,"icon_info":null,"title":"Life Works","triage_sub_title":null,"info_title":null,"rec_title":"","info_button_copy":null,"recommended_logo":"https://dev-connect-cms-uploads.s3-eu-west-1.amazonaws.com/cms_uploads/en_US/img/modalities/LifeWorks_512x512_1e3a70f.png","rec_triage_logo":null,"third_triage_button_url":null,"button_copy":null,"button_url":null,"lgf_score":0}]
Response headers: {'Server': 'nginx', 'Date': 'Tue, 24 Jan 2023 14:39:08 GMT', 'Content-Type': 'application/json', 'Transfer-Encoding': 'chunked', 'Connection': 'keep-alive', 'Vary': 'Accept-Encoding', 'x-process-time': '569.2906379699707 ms', 'Strict-Transport-Security': 'max-age=31536000', 'X-XSS-Protection': '1; mode=block', 'X-Content-Type-Options': 'nosniff', 'Content-Encoding': 'gzip'}
Response cookies: {}

-------------------------
